<?xml version="1.0" encoding="UTF-8"?>
<!-- Generated by org.testng.reporters.JUnitReportReporter -->
<testsuite hostname="DESKTOP-307EUT7" failures="0" tests="2" name="groupsdemo.Testgroup1" time="0.007" errors="0" timestamp="2021-12-12T23:09:13 GMT-08:00" skipped="0">
  <testcase classname="groupsdemo.Testgroup1" name="Test3" time="0.007"/>
  <system-out/>
  <testcase classname="groupsdemo.Testgroup1" name="Test4" time="0.000"/>
  <system-out/>
</testsuite> <!-- groupsdemo.Testgroup1 -->
