<?xml version="1.0" encoding="UTF-8"?>
<!-- Generated by org.testng.reporters.JUnitReportReporter -->
<testsuite hostname="DESKTOP-307EUT7" failures="0" tests="2" name="testngdemos.DataProviderDemo" time="8.735" errors="0" timestamp="2021-11-28T21:42:46 GMT-08:00" skipped="0">
  <testcase classname="testngdemos.DataProviderDemo" name="f" time="2.928"/>
  <system-out/>
  <testcase classname="testngdemos.DataProviderDemo" name="f" time="5.807"/>
  <system-out/>
</testsuite> <!-- testngdemos.DataProviderDemo -->
