<?xml version="1.0" encoding="UTF-8"?>
<!-- Generated by org.testng.reporters.JUnitReportReporter -->
<testsuite hostname="DESKTOP-307EUT7" failures="0" tests="1" name="testngdemos.TestNGSequence" time="0.003" errors="0" timestamp="2021-11-26T01:19:53 GMT-08:00" skipped="0">
  <testcase classname="testngdemos.TestNGSequence" name="checktitle" time="0.003"/>
  <system-out/>
</testsuite> <!-- testngdemos.TestNGSequence -->
