<?xml version="1.0" encoding="UTF-8"?>
<!-- Generated by org.testng.reporters.JUnitReportReporter -->
<testsuite hostname="DESKTOP-307EUT7" failures="0" tests="4" name="testngdemos.AddToCart" time="26.342" errors="0" timestamp="2021-11-29T19:27:03 GMT-08:00" skipped="0">
  <testcase classname="testngdemos.AddToCart" name="startapp" time="3.662"/>
  <system-out/>
  <testcase classname="testngdemos.AddToCart" name="search" time="19.234"/>
  <system-out/>
  <testcase classname="testngdemos.AddToCart" name="loginapp" time="2.484"/>
  <system-out/>
  <testcase classname="testngdemos.AddToCart" name="closebrowser" time="0.962"/>
  <system-out/>
</testsuite> <!-- testngdemos.AddToCart -->
