<?xml version="1.0" encoding="UTF-8"?>
<!-- Generated by org.testng.reporters.JUnitReportReporter -->
<testsuite hostname="DESKTOP-307EUT7" failures="0" tests="2" name="testngdemos.Newtest" time="14.731" errors="0" timestamp="2021-12-12T23:05:57 GMT-08:00" skipped="0">
  <testcase classname="testngdemos.Newtest" name="checkurl" time="7.925"/>
  <system-out/>
  <testcase classname="testngdemos.Newtest" name="checklogo" time="6.806"/>
  <system-out/>
</testsuite> <!-- testngdemos.Newtest -->
