<?xml version="1.0" encoding="UTF-8"?>
<!-- Generated by org.testng.reporters.JUnitReportReporter -->
<testsuite hostname="DESKTOP-307EUT7" failures="0" tests="3" name="testngdemos.PriorityDemo" time="12.041" errors="0" timestamp="2021-11-26T01:55:06 GMT-08:00" skipped="0">
  <testcase classname="testngdemos.PriorityDemo" name="startapp" time="4.417"/>
  <system-out/>
  <testcase classname="testngdemos.PriorityDemo" name="loginapp" time="2.659"/>
  <system-out/>
  <testcase classname="testngdemos.PriorityDemo" name="signoff" time="4.965"/>
  <system-out/>
</testsuite> <!-- testngdemos.PriorityDemo -->
