<?xml version="1.0" encoding="UTF-8"?>
<!-- Generated by org.testng.reporters.JUnitReportReporter -->
<testsuite hostname="DESKTOP-307EUT7" failures="0" tests="3" name="groupsdemo.Testgroup2" time="0.002" errors="0" timestamp="2021-12-12T23:09:13 GMT-08:00" skipped="0">
  <testcase classname="groupsdemo.Testgroup2" name="Test8" time="0.000"/>
  <system-out/>
  <testcase classname="groupsdemo.Testgroup2" name="Test6" time="0.001"/>
  <system-out/>
  <testcase classname="groupsdemo.Testgroup2" name="Test7" time="0.001"/>
  <system-out/>
</testsuite> <!-- groupsdemo.Testgroup2 -->
